2025-03-01 18:02:18,901 - test_repository - INFO - TestEventJobRepository initialisiert
2025-03-01 18:02:18,902 - test_worker_manager - INFO - TestEventWorkerManager initialisiert (max_workers=5, poll_interval=5s, job_timeout=300s)
2025-03-01 18:02:18,902 - test_worker_manager - INFO - Job-Monitor gestartet
2025-03-01 18:02:18,902 - test_worker_manager - INFO - Worker Manager gestartet
2025-03-01 18:02:18,903 - __main__ - INFO - Worker Manager läuft für 60 Sekunden
2025-03-01 18:02:18,926 - test_repository - INFO - 5 Jobs mit Status 'pending' gefunden
2025-03-01 18:02:18,927 - test_worker_manager - INFO - 5 ausstehende Jobs gefunden, starte Worker
2025-03-01 18:02:18,958 - test_repository - INFO - Status von Job 36e6a4cf-382b-4b92-8016-8a8601d0e5ed aktualisiert: processing
2025-03-01 18:02:18,959 - test_worker_manager - INFO - Verarbeite Job 36e6a4cf-382b-4b92-8016-8a8601d0e5ed
2025-03-01 18:02:18,959 - test_worker_manager - INFO - Worker 79897175 für Job 36e6a4cf-382b-4b92-8016-8a8601d0e5ed gestartet
2025-03-01 18:02:19,021 - test_repository - INFO - Status von Job 36e6a4cf-382b-4b92-8016-8a8601d0e5ed aktualisiert: processing
2025-03-01 18:02:19,022 - test_worker_manager - INFO - Verarbeite Event: Unbekanntes Event (ID: unbekannt)
2025-03-01 18:02:19,052 - test_repository - INFO - Status von Job 36e6a4cf-382b-4b92-8016-8a8601d0e5ed aktualisiert: processing
2025-03-01 18:02:19,128 - test_repository - INFO - Status von Job 0751b2ca-cce3-4a03-8646-38010decde2a aktualisiert: processing
2025-03-01 18:02:19,129 - test_worker_manager - INFO - Verarbeite Job 0751b2ca-cce3-4a03-8646-38010decde2a
2025-03-01 18:02:19,129 - test_worker_manager - INFO - Worker d5dde2b3 für Job 0751b2ca-cce3-4a03-8646-38010decde2a gestartet
2025-03-01 18:02:19,161 - test_repository - INFO - Status von Job c89ad639-7df5-4de8-bfb0-9e893568a174 aktualisiert: processing
2025-03-01 18:02:19,162 - test_worker_manager - INFO - Verarbeite Job c89ad639-7df5-4de8-bfb0-9e893568a174
2025-03-01 18:02:19,162 - test_worker_manager - INFO - Worker 4b0ab044 für Job c89ad639-7df5-4de8-bfb0-9e893568a174 gestartet
2025-03-01 18:02:19,191 - test_repository - INFO - Status von Job 0751b2ca-cce3-4a03-8646-38010decde2a aktualisiert: processing
2025-03-01 18:02:19,192 - test_worker_manager - INFO - Verarbeite Event: Unbekanntes Event (ID: unbekannt)
2025-03-01 18:02:19,223 - test_repository - INFO - Status von Job 0751b2ca-cce3-4a03-8646-38010decde2a aktualisiert: processing
2025-03-01 18:02:19,228 - test_repository - INFO - Status von Job c89ad639-7df5-4de8-bfb0-9e893568a174 aktualisiert: processing
2025-03-01 18:02:19,228 - test_worker_manager - INFO - Verarbeite Event: Unbekanntes Event (ID: unbekannt)
2025-03-01 18:02:19,262 - test_repository - INFO - Status von Job c89ad639-7df5-4de8-bfb0-9e893568a174 aktualisiert: processing
2025-03-01 18:02:19,373 - test_repository - INFO - Status von Job 000304f3-d3cd-45c0-b500-0baf7c5b53ce aktualisiert: processing
2025-03-01 18:02:19,374 - test_worker_manager - INFO - Verarbeite Job 000304f3-d3cd-45c0-b500-0baf7c5b53ce
2025-03-01 18:02:19,374 - test_worker_manager - INFO - Worker 8d60b8de für Job 000304f3-d3cd-45c0-b500-0baf7c5b53ce gestartet
2025-03-01 18:02:19,421 - test_repository - INFO - Status von Job 020b3dd5-2155-4162-b787-393bdc47be76 aktualisiert: processing
2025-03-01 18:02:19,422 - test_worker_manager - INFO - Verarbeite Job 020b3dd5-2155-4162-b787-393bdc47be76
2025-03-01 18:02:19,422 - test_worker_manager - INFO - Worker dad43a89 für Job 020b3dd5-2155-4162-b787-393bdc47be76 gestartet
2025-03-01 18:02:19,438 - test_repository - INFO - Status von Job 000304f3-d3cd-45c0-b500-0baf7c5b53ce aktualisiert: processing
2025-03-01 18:02:19,439 - test_worker_manager - INFO - Verarbeite Event: Unbekanntes Event (ID: unbekannt)
2025-03-01 18:02:19,470 - test_repository - INFO - Status von Job 000304f3-d3cd-45c0-b500-0baf7c5b53ce aktualisiert: processing
2025-03-01 18:02:19,492 - test_repository - INFO - Status von Job 020b3dd5-2155-4162-b787-393bdc47be76 aktualisiert: processing
2025-03-01 18:02:19,493 - test_worker_manager - INFO - Verarbeite Event: Unbekanntes Event (ID: unbekannt)
2025-03-01 18:02:19,523 - test_repository - INFO - Status von Job 020b3dd5-2155-4162-b787-393bdc47be76 aktualisiert: processing
2025-03-01 18:02:23,255 - test_repository - INFO - Status von Job 0751b2ca-cce3-4a03-8646-38010decde2a aktualisiert: processing
2025-03-01 18:02:23,289 - test_repository - INFO - Status von Job 0751b2ca-cce3-4a03-8646-38010decde2a aktualisiert: processing
2025-03-01 18:02:23,319 - test_repository - INFO - Status von Job 0751b2ca-cce3-4a03-8646-38010decde2a aktualisiert: completed
2025-03-01 18:02:23,505 - test_repository - INFO - Status von Job 000304f3-d3cd-45c0-b500-0baf7c5b53ce aktualisiert: processing
2025-03-01 18:02:23,536 - test_repository - INFO - Status von Job 000304f3-d3cd-45c0-b500-0baf7c5b53ce aktualisiert: processing
2025-03-01 18:02:23,566 - test_repository - INFO - Status von Job 000304f3-d3cd-45c0-b500-0baf7c5b53ce aktualisiert: completed
2025-03-01 18:02:23,647 - test_repository - INFO - Fortschritt von Batch 42939253-eb7e-4bad-afb3-b17456230afb aktualisiert: 1/10 abgeschlossen, 0/10 fehlgeschlagen
2025-03-01 18:02:23,647 - test_worker_manager - INFO - Job 0751b2ca-cce3-4a03-8646-38010decde2a erfolgreich abgeschlossen
2025-03-01 18:02:23,915 - test_repository - INFO - Fortschritt von Batch 42939253-eb7e-4bad-afb3-b17456230afb aktualisiert: 2/10 abgeschlossen, 0/10 fehlgeschlagen
2025-03-01 18:02:23,916 - test_worker_manager - INFO - Job 000304f3-d3cd-45c0-b500-0baf7c5b53ce erfolgreich abgeschlossen
2025-03-01 18:02:24,293 - test_repository - INFO - Status von Job c89ad639-7df5-4de8-bfb0-9e893568a174 aktualisiert: processing
2025-03-01 18:02:24,325 - test_repository - INFO - Status von Job c89ad639-7df5-4de8-bfb0-9e893568a174 aktualisiert: processing
2025-03-01 18:02:24,356 - test_repository - INFO - Status von Job c89ad639-7df5-4de8-bfb0-9e893568a174 aktualisiert: completed
2025-03-01 18:02:24,448 - test_repository - INFO - 2 Jobs mit Status 'pending' gefunden
2025-03-01 18:02:24,448 - test_worker_manager - INFO - 2 ausstehende Jobs gefunden, starte Worker
2025-03-01 18:02:24,486 - test_repository - INFO - Status von Job 24c32e89-a290-42c8-b777-47e49c7ce3d8 aktualisiert: processing
2025-03-01 18:02:24,487 - test_worker_manager - INFO - Verarbeite Job 24c32e89-a290-42c8-b777-47e49c7ce3d8
2025-03-01 18:02:24,487 - test_worker_manager - INFO - Worker 100408ba für Job 24c32e89-a290-42c8-b777-47e49c7ce3d8 gestartet
2025-03-01 18:02:24,518 - test_repository - INFO - Status von Job 69fcf91b-6e82-4361-88b8-741dc96384b6 aktualisiert: processing
2025-03-01 18:02:24,519 - test_worker_manager - INFO - Verarbeite Job 69fcf91b-6e82-4361-88b8-741dc96384b6
2025-03-01 18:02:24,519 - test_worker_manager - INFO - Worker fb8a335a für Job 69fcf91b-6e82-4361-88b8-741dc96384b6 gestartet
2025-03-01 18:02:24,549 - test_repository - INFO - Status von Job 24c32e89-a290-42c8-b777-47e49c7ce3d8 aktualisiert: processing
2025-03-01 18:02:24,550 - test_worker_manager - INFO - Verarbeite Event: Unbekanntes Event (ID: unbekannt)
2025-03-01 18:02:24,585 - test_repository - INFO - Status von Job 24c32e89-a290-42c8-b777-47e49c7ce3d8 aktualisiert: processing
2025-03-01 18:02:24,588 - test_repository - INFO - Status von Job 69fcf91b-6e82-4361-88b8-741dc96384b6 aktualisiert: processing
2025-03-01 18:02:24,589 - test_worker_manager - INFO - Verarbeite Event: Unbekanntes Event (ID: unbekannt)
2025-03-01 18:02:24,623 - test_repository - INFO - Status von Job 69fcf91b-6e82-4361-88b8-741dc96384b6 aktualisiert: processing
2025-03-01 18:02:24,694 - test_repository - INFO - Fortschritt von Batch 42939253-eb7e-4bad-afb3-b17456230afb aktualisiert: 3/10 abgeschlossen, 0/10 fehlgeschlagen
2025-03-01 18:02:24,694 - test_worker_manager - INFO - Job c89ad639-7df5-4de8-bfb0-9e893568a174 erfolgreich abgeschlossen
2025-03-01 18:02:25,554 - test_repository - INFO - Status von Job 020b3dd5-2155-4162-b787-393bdc47be76 aktualisiert: processing
2025-03-01 18:02:25,586 - test_repository - INFO - Status von Job 020b3dd5-2155-4162-b787-393bdc47be76 aktualisiert: processing
2025-03-01 18:02:25,617 - test_repository - INFO - Status von Job 020b3dd5-2155-4162-b787-393bdc47be76 aktualisiert: completed
2025-03-01 18:02:25,944 - test_repository - INFO - Fortschritt von Batch 42939253-eb7e-4bad-afb3-b17456230afb aktualisiert: 4/10 abgeschlossen, 0/10 fehlgeschlagen
2025-03-01 18:02:25,945 - test_worker_manager - INFO - Job 020b3dd5-2155-4162-b787-393bdc47be76 erfolgreich abgeschlossen
2025-03-01 18:02:27,081 - test_repository - INFO - Status von Job 36e6a4cf-382b-4b92-8016-8a8601d0e5ed aktualisiert: processing
2025-03-01 18:02:27,112 - test_repository - INFO - Status von Job 36e6a4cf-382b-4b92-8016-8a8601d0e5ed aktualisiert: processing
2025-03-01 18:02:27,142 - test_repository - INFO - Status von Job 36e6a4cf-382b-4b92-8016-8a8601d0e5ed aktualisiert: completed
2025-03-01 18:02:27,473 - test_repository - INFO - Fortschritt von Batch 42939253-eb7e-4bad-afb3-b17456230afb aktualisiert: 5/10 abgeschlossen, 0/10 fehlgeschlagen
2025-03-01 18:02:27,473 - test_worker_manager - INFO - Job 36e6a4cf-382b-4b92-8016-8a8601d0e5ed erfolgreich abgeschlossen
2025-03-01 18:02:29,545 - test_repository - INFO - 3 Jobs mit Status 'pending' gefunden
2025-03-01 18:02:29,545 - test_worker_manager - INFO - 3 ausstehende Jobs gefunden, starte Worker
2025-03-01 18:02:29,576 - test_repository - INFO - Status von Job 099669e8-5f5a-401c-a0dd-6662a7dfb539 aktualisiert: processing
2025-03-01 18:02:29,577 - test_worker_manager - INFO - Verarbeite Job 099669e8-5f5a-401c-a0dd-6662a7dfb539
2025-03-01 18:02:29,577 - test_worker_manager - INFO - Worker 905c0847 für Job 099669e8-5f5a-401c-a0dd-6662a7dfb539 gestartet
2025-03-01 18:02:29,611 - test_repository - INFO - Status von Job 213218fe-db6f-48c0-902c-b3ee206270f7 aktualisiert: processing
2025-03-01 18:02:29,612 - test_worker_manager - INFO - Verarbeite Job 213218fe-db6f-48c0-902c-b3ee206270f7
2025-03-01 18:02:29,612 - test_worker_manager - INFO - Worker 267cb83c für Job 213218fe-db6f-48c0-902c-b3ee206270f7 gestartet
2025-03-01 18:02:29,639 - test_repository - INFO - Status von Job 099669e8-5f5a-401c-a0dd-6662a7dfb539 aktualisiert: processing
2025-03-01 18:02:29,639 - test_worker_manager - INFO - Verarbeite Event: Unbekanntes Event (ID: unbekannt)
2025-03-01 18:02:29,654 - test_repository - INFO - Status von Job c6a8606d-5c0a-474d-8e8c-2d931b209303 aktualisiert: processing
2025-03-01 18:02:29,656 - test_worker_manager - INFO - Verarbeite Job c6a8606d-5c0a-474d-8e8c-2d931b209303
2025-03-01 18:02:29,656 - test_worker_manager - INFO - Worker 4afa62b1 für Job c6a8606d-5c0a-474d-8e8c-2d931b209303 gestartet
2025-03-01 18:02:29,671 - test_repository - INFO - Status von Job 099669e8-5f5a-401c-a0dd-6662a7dfb539 aktualisiert: processing
2025-03-01 18:02:29,679 - test_repository - INFO - Status von Job 213218fe-db6f-48c0-902c-b3ee206270f7 aktualisiert: processing
2025-03-01 18:02:29,679 - test_worker_manager - INFO - Verarbeite Event: Unbekanntes Event (ID: unbekannt)
2025-03-01 18:02:29,711 - test_repository - INFO - Status von Job 213218fe-db6f-48c0-902c-b3ee206270f7 aktualisiert: processing
2025-03-01 18:02:29,723 - test_repository - INFO - Status von Job c6a8606d-5c0a-474d-8e8c-2d931b209303 aktualisiert: processing
2025-03-01 18:02:29,724 - test_worker_manager - INFO - Verarbeite Event: Unbekanntes Event (ID: unbekannt)
2025-03-01 18:02:29,754 - test_repository - INFO - Status von Job c6a8606d-5c0a-474d-8e8c-2d931b209303 aktualisiert: processing
2025-03-01 18:02:30,623 - test_repository - INFO - Status von Job 24c32e89-a290-42c8-b777-47e49c7ce3d8 aktualisiert: processing
2025-03-01 18:02:30,653 - test_repository - INFO - Status von Job 24c32e89-a290-42c8-b777-47e49c7ce3d8 aktualisiert: processing
2025-03-01 18:02:30,683 - test_repository - INFO - Status von Job 24c32e89-a290-42c8-b777-47e49c7ce3d8 aktualisiert: completed
2025-03-01 18:02:31,024 - test_repository - INFO - Fortschritt von Batch 42939253-eb7e-4bad-afb3-b17456230afb aktualisiert: 6/10 abgeschlossen, 0/10 fehlgeschlagen
2025-03-01 18:02:31,025 - test_worker_manager - INFO - Job 24c32e89-a290-42c8-b777-47e49c7ce3d8 erfolgreich abgeschlossen
2025-03-01 18:02:31,655 - test_repository - INFO - Status von Job 69fcf91b-6e82-4361-88b8-741dc96384b6 aktualisiert: processing
2025-03-01 18:02:31,686 - test_repository - INFO - Status von Job 69fcf91b-6e82-4361-88b8-741dc96384b6 aktualisiert: processing
2025-03-01 18:02:31,722 - test_repository - INFO - Status von Job 69fcf91b-6e82-4361-88b8-741dc96384b6 aktualisiert: completed
2025-03-01 18:02:32,057 - test_repository - INFO - Fortschritt von Batch 42939253-eb7e-4bad-afb3-b17456230afb aktualisiert: 7/10 abgeschlossen, 0/10 fehlgeschlagen
2025-03-01 18:02:32,058 - test_worker_manager - INFO - Job 69fcf91b-6e82-4361-88b8-741dc96384b6 erfolgreich abgeschlossen
2025-03-01 18:02:33,785 - test_repository - INFO - Status von Job c6a8606d-5c0a-474d-8e8c-2d931b209303 aktualisiert: processing
2025-03-01 18:02:33,814 - test_repository - INFO - Status von Job c6a8606d-5c0a-474d-8e8c-2d931b209303 aktualisiert: processing
2025-03-01 18:02:33,844 - test_repository - INFO - Status von Job c6a8606d-5c0a-474d-8e8c-2d931b209303 aktualisiert: completed
2025-03-01 18:02:34,181 - test_repository - INFO - Fortschritt von Batch 42939253-eb7e-4bad-afb3-b17456230afb aktualisiert: 8/10 abgeschlossen, 0/10 fehlgeschlagen
2025-03-01 18:02:34,182 - test_worker_manager - INFO - Job c6a8606d-5c0a-474d-8e8c-2d931b209303 erfolgreich abgeschlossen
2025-03-01 18:02:34,697 - test_repository - INFO - 0 Jobs mit Status 'pending' gefunden
2025-03-01 18:02:35,701 - test_repository - INFO - Status von Job 099669e8-5f5a-401c-a0dd-6662a7dfb539 aktualisiert: processing
2025-03-01 18:02:35,736 - test_repository - INFO - Status von Job 099669e8-5f5a-401c-a0dd-6662a7dfb539 aktualisiert: processing
2025-03-01 18:02:35,769 - test_repository - INFO - Status von Job 099669e8-5f5a-401c-a0dd-6662a7dfb539 aktualisiert: completed
2025-03-01 18:02:36,099 - test_repository - INFO - Fortschritt von Batch 42939253-eb7e-4bad-afb3-b17456230afb aktualisiert: 9/10 abgeschlossen, 0/10 fehlgeschlagen
2025-03-01 18:02:36,100 - test_worker_manager - INFO - Job 099669e8-5f5a-401c-a0dd-6662a7dfb539 erfolgreich abgeschlossen
2025-03-01 18:02:38,744 - test_repository - INFO - Status von Job 213218fe-db6f-48c0-902c-b3ee206270f7 aktualisiert: processing
2025-03-01 18:02:38,775 - test_repository - INFO - Status von Job 213218fe-db6f-48c0-902c-b3ee206270f7 aktualisiert: processing
2025-03-01 18:02:38,817 - test_repository - INFO - Status von Job 213218fe-db6f-48c0-902c-b3ee206270f7 aktualisiert: completed
2025-03-01 18:02:39,159 - test_repository - INFO - Fortschritt von Batch 42939253-eb7e-4bad-afb3-b17456230afb aktualisiert: 10/10 abgeschlossen, 0/10 fehlgeschlagen
2025-03-01 18:02:39,160 - test_worker_manager - INFO - Job 213218fe-db6f-48c0-902c-b3ee206270f7 erfolgreich abgeschlossen
2025-03-01 18:02:39,722 - test_repository - INFO - 0 Jobs mit Status 'pending' gefunden
2025-03-01 18:02:44,746 - test_repository - INFO - 0 Jobs mit Status 'pending' gefunden
2025-03-01 18:02:49,770 - test_repository - INFO - 0 Jobs mit Status 'pending' gefunden
2025-03-01 18:02:54,794 - test_repository - INFO - 0 Jobs mit Status 'pending' gefunden
2025-03-01 18:02:59,819 - test_repository - INFO - 0 Jobs mit Status 'pending' gefunden
2025-03-01 18:03:04,843 - test_repository - INFO - 0 Jobs mit Status 'pending' gefunden
2025-03-01 18:03:09,868 - test_repository - INFO - 0 Jobs mit Status 'pending' gefunden
2025-03-01 18:03:14,891 - test_repository - INFO - 0 Jobs mit Status 'pending' gefunden
2025-03-01 18:03:19,893 - test_worker_manager - INFO - Job-Monitor beendet
2025-03-01 18:03:19,893 - test_worker_manager - INFO - Worker Manager gestoppt
2025-03-01 18:03:19,893 - __main__ - INFO - Worker Manager beendet
